Using pre-set license
Built from '2021.2/staging' branch; Version is '2021.2.9f1 (921b45a28ab6) revision 9575237'; Using compiler version '192829333'; Build Type 'Release'
OS: 'Windows 11  (10.0.22000) 64bit Core' Language: 'en' Physical Memory: 32694 MB
BatchMode: 1, IsHumanControllingUs: 0, StartBugReporterOnCrash: 0, Is64bit: 1, IsPro: 0

COMMAND LINE ARGUMENTS:
C:\Program Files\Unity\Hub\Editor\2021.2.9f1\Editor\Unity.exe
-adb2
-batchMode
-noUpm
-name
AssetImportWorker15
-projectPath
C:/Users/cocru/Documents/GitHub/Inspired/Inspired
-logFile
Logs/AssetImportWorker15.log
-srvPort
64085
Successfully changed project path to: C:/Users/cocru/Documents/GitHub/Inspired/Inspired
C:/Users/cocru/Documents/GitHub/Inspired/Inspired
[UnityMemory] Configuration Parameters - Can be set up in boot.config
    "memorysetup-bucket-allocator-granularity=16"
    "memorysetup-bucket-allocator-bucket-count=8"
    "memorysetup-bucket-allocator-block-size=33554432"
    "memorysetup-bucket-allocator-block-count=8"
    "memorysetup-main-allocator-block-size=16777216"
    "memorysetup-thread-allocator-block-size=16777216"
    "memorysetup-gfx-main-allocator-block-size=16777216"
    "memorysetup-gfx-thread-allocator-block-size=16777216"
    "memorysetup-cache-allocator-block-size=4194304"
    "memorysetup-typetree-allocator-block-size=2097152"
    "memorysetup-profiler-bucket-allocator-granularity=16"
    "memorysetup-profiler-bucket-allocator-bucket-count=8"
    "memorysetup-profiler-bucket-allocator-block-size=33554432"
    "memorysetup-profiler-bucket-allocator-block-count=8"
    "memorysetup-profiler-allocator-block-size=16777216"
    "memorysetup-profiler-editor-allocator-block-size=1048576"
    "memorysetup-temp-allocator-size-main=16777216"
    "memorysetup-job-temp-allocator-block-size=2097152"
    "memorysetup-job-temp-allocator-block-size-background=1048576"
    "memorysetup-job-temp-allocator-reduction-small-platforms=262144"
    "memorysetup-temp-allocator-size-background-worker=32768"
    "memorysetup-temp-allocator-size-job-worker=262144"
    "memorysetup-temp-allocator-size-preload-manager=33554432"
    "memorysetup-temp-allocator-size-nav-mesh-worker=65536"
    "memorysetup-temp-allocator-size-audio-worker=65536"
    "memorysetup-temp-allocator-size-cloud-worker=32768"
    "memorysetup-temp-allocator-size-gi-baking-worker=262144"
    "memorysetup-temp-allocator-size-gfx=262144"
Refreshing native plugins compatible for Editor in 86.62 ms, found 4 plugins.
Preloading 0 native plugins for Editor in 0.00 ms.
Initialize engine version: 2021.2.9f1 (921b45a28ab6)
[Subsystems] Discovering subsystems at path C:/Program Files/Unity/Hub/Editor/2021.2.9f1/Editor/Data/Resources/UnitySubsystems
[Subsystems] Discovering subsystems at path C:/Users/cocru/Documents/GitHub/Inspired/Inspired/Assets
GfxDevice: creating device client; threaded=0; jobified=0
Direct3D:
    Version:  Direct3D 11.0 [level 11.1]
    Renderer: NVIDIA GeForce RTX 3080 Ti (ID=0x2208)
    Vendor:   NVIDIA
    VRAM:     12108 MB
    Driver:   30.0.15.1179
Initialize mono
Mono path[0] = 'C:/Program Files/Unity/Hub/Editor/2021.2.9f1/Editor/Data/Managed'
Mono path[1] = 'C:/Program Files/Unity/Hub/Editor/2021.2.9f1/Editor/Data/MonoBleedingEdge/lib/mono/unityjit-win32'
Mono config path = 'C:/Program Files/Unity/Hub/Editor/2021.2.9f1/Editor/Data/MonoBleedingEdge/etc'
Using monoOptions --debugger-agent=transport=dt_socket,embedding=1,server=y,suspend=n,address=127.0.0.1:56352
Begin MonoManager ReloadAssembly
Registering precompiled unity dll's ...
Register platform support module: C:/Program Files/Unity/Hub/Editor/2021.2.9f1/Editor/Data/PlaybackEngines/WindowsStandaloneSupport/UnityEditor.WindowsStandalone.Extensions.dll
Registered in 0.004040 seconds.
Native extension for WindowsStandalone target not found
Refreshing native plugins compatible for Editor in 84.95 ms, found 4 plugins.
Preloading 0 native plugins for Editor in 0.00 ms.
Mono: successfully reloaded assembly
- Completed reload, in  0.506 seconds
Domain Reload Profiling:
	ReloadAssembly (507ms)
		BeginReloadAssembly (55ms)
			ExecutionOrderSort (0ms)
			DisableScriptedObjects (0ms)
			BackupInstance (0ms)
			ReleaseScriptingObjects (0ms)
			CreateAndSetChildDomain (1ms)
		EndReloadAssembly (388ms)
			LoadAssemblies (53ms)
			RebuildTransferFunctionScriptingTraits (0ms)
			SetupTypeCache (81ms)
			ReleaseScriptCaches (0ms)
			RebuildScriptCaches (21ms)
			SetupLoadedEditorAssemblies (244ms)
				LogAssemblyErrors (0ms)
				InitializePlatformSupportModulesInManaged (12ms)
				SetLoadedEditorAssemblies (0ms)
				RefreshPlugins (85ms)
				BeforeProcessingInitializeOnLoad (1ms)
				ProcessInitializeOnLoadAttributes (111ms)
				ProcessInitializeOnLoadMethodAttributes (35ms)
				AfterProcessingInitializeOnLoad (0ms)
				EditorAssembliesLoaded (0ms)
			ExecutionOrderSort2 (0ms)
			AwakeInstancesAfterBackupRestoration (0ms)
Platform modules already initialized, skipping
Registering precompiled user dll's ...
Registered in 0.005750 seconds.
Begin MonoManager ReloadAssembly
Symbol file LoadedFromMemory doesn't match image C:\Users\cocru\Documents\GitHub\Inspired\Inspired\Library\PackageCache\com.unity.visualscripting@1.7.6\Editor\VisualScripting.Core\Dependencies\YamlDotNet\Unity.VisualScripting.YamlDotNet.dll
Symbol file LoadedFromMemory doesn't match image C:\Users\cocru\Documents\GitHub\Inspired\Inspired\Library\PackageCache\com.unity.visualscripting@1.7.6\Editor\VisualScripting.Core\Dependencies\DotNetZip\Unity.VisualScripting.IonicZip.dll
Native extension for WindowsStandalone target not found
Refreshing native plugins compatible for Editor in 85.33 ms, found 4 plugins.
Preloading 0 native plugins for Editor in 0.00 ms.
Mono: successfully reloaded assembly
- Completed reload, in  1.304 seconds
Domain Reload Profiling:
	ReloadAssembly (1305ms)
		BeginReloadAssembly (86ms)
			ExecutionOrderSort (0ms)
			DisableScriptedObjects (5ms)
			BackupInstance (0ms)
			ReleaseScriptingObjects (0ms)
			CreateAndSetChildDomain (15ms)
		EndReloadAssembly (1138ms)
			LoadAssemblies (60ms)
			RebuildTransferFunctionScriptingTraits (0ms)
			SetupTypeCache (192ms)
			ReleaseScriptCaches (1ms)
			RebuildScriptCaches (44ms)
			SetupLoadedEditorAssemblies (804ms)
				LogAssemblyErrors (0ms)
				InitializePlatformSupportModulesInManaged (9ms)
				SetLoadedEditorAssemblies (0ms)
				RefreshPlugins (85ms)
				BeforeProcessingInitializeOnLoad (79ms)
				ProcessInitializeOnLoadAttributes (597ms)
				ProcessInitializeOnLoadMethodAttributes (28ms)
				AfterProcessingInitializeOnLoad (5ms)
				EditorAssembliesLoaded (0ms)
			ExecutionOrderSort2 (0ms)
			AwakeInstancesAfterBackupRestoration (4ms)
Platform modules already initialized, skipping
========================================================================
Worker process is ready to serve import requests
Launched and connected shader compiler UnityShaderCompiler.exe after 0.05 seconds
Refreshing native plugins compatible for Editor in 0.82 ms, found 4 plugins.
Preloading 0 native plugins for Editor in 0.00 ms.
Unloading 3918 Unused Serialized files (Serialized files now loaded: 0)
Unloading 43 unused Assets / (225.9 KB). Loaded Objects now: 4371.
Memory consumption went from 147.5 MB to 147.2 MB.
Total: 3.455500 ms (FindLiveObjects: 0.372800 ms CreateObjectMapping: 0.098000 ms MarkObjects: 2.828600 ms  DeleteObjects: 0.154300 ms)

AssetImportParameters requested are different than current active one (requested -> active):
  custom:video-decoder-ogg-theora: a1e56fd34408186e4bbccfd4996cb3dc -> 
  custom:container-muxer-webm: aa71ff27fc2769a1b78a27578f13a17b -> 
  custom:container-demuxer-webm: 4f35f7cbe854078d1ac9338744f61a02 -> 
  custom:video-encoder-webm-vp8: eb34c28f22e8b96e1ab97ce403110664 -> 
  custom:audio-encoder-webm-vorbis: bf7c407c2cedff20999df2af8eb42d56 -> 
  custom:framework-win-MediaFoundation: 216162199b28c13a410421893ffa2e32 -> 
  custom:container-demuxer-ogg: 62fdf1f143b41e24485cea50d1cbac27 -> 
  custom:video-decoder-webm-vp8: 9c59270c3fd7afecdb556c50c9e8de78 -> 
  custom:audio-decoder-ogg-vorbis: bf7c407c2cedff20999df2af8eb42d56 -> 
========================================================================
Received Prepare
Registering precompiled user dll's ...
Registered in 0.006087 seconds.
Begin MonoManager ReloadAssembly
Symbol file LoadedFromMemory doesn't match image C:\Users\cocru\Documents\GitHub\Inspired\Inspired\Library\PackageCache\com.unity.visualscripting@1.7.6\Editor\VisualScripting.Core\Dependencies\YamlDotNet\Unity.VisualScripting.YamlDotNet.dll
Symbol file LoadedFromMemory doesn't match image C:\Users\cocru\Documents\GitHub\Inspired\Inspired\Library\PackageCache\com.unity.visualscripting@1.7.6\Editor\VisualScripting.Core\Dependencies\DotNetZip\Unity.VisualScripting.IonicZip.dll
Native extension for WindowsStandalone target not found
Refreshing native plugins compatible for Editor in 0.68 ms, found 4 plugins.
Preloading 0 native plugins for Editor in 0.00 ms.
Mono: successfully reloaded assembly
- Completed reload, in  0.856 seconds
Domain Reload Profiling:
	ReloadAssembly (857ms)
		BeginReloadAssembly (117ms)
			ExecutionOrderSort (0ms)
			DisableScriptedObjects (6ms)
			BackupInstance (0ms)
			ReleaseScriptingObjects (0ms)
			CreateAndSetChildDomain (32ms)
		EndReloadAssembly (659ms)
			LoadAssemblies (65ms)
			RebuildTransferFunctionScriptingTraits (0ms)
			SetupTypeCache (187ms)
			ReleaseScriptCaches (1ms)
			RebuildScriptCaches (35ms)
			SetupLoadedEditorAssemblies (340ms)
				LogAssemblyErrors (0ms)
				InitializePlatformSupportModulesInManaged (9ms)
				SetLoadedEditorAssemblies (0ms)
				RefreshPlugins (1ms)
				BeforeProcessingInitializeOnLoad (58ms)
				ProcessInitializeOnLoadAttributes (240ms)
				ProcessInitializeOnLoadMethodAttributes (25ms)
				AfterProcessingInitializeOnLoad (6ms)
				EditorAssembliesLoaded (0ms)
			ExecutionOrderSort2 (0ms)
			AwakeInstancesAfterBackupRestoration (8ms)
Platform modules already initialized, skipping
Refreshing native plugins compatible for Editor in 0.70 ms, found 4 plugins.
Preloading 0 native plugins for Editor in 0.00 ms.
Unloading 3913 Unused Serialized files (Serialized files now loaded: 0)
Unloading 32 unused Assets / (192.5 KB). Loaded Objects now: 4373.
Memory consumption went from 147.4 MB to 147.2 MB.
Total: 3.068900 ms (FindLiveObjects: 0.335500 ms CreateObjectMapping: 0.096100 ms MarkObjects: 2.517000 ms  DeleteObjects: 0.118900 ms)

AssetImportParameters requested are different than current active one (requested -> active):
  custom:video-decoder-ogg-theora: a1e56fd34408186e4bbccfd4996cb3dc -> 
  custom:container-muxer-webm: aa71ff27fc2769a1b78a27578f13a17b -> 
  custom:container-demuxer-webm: 4f35f7cbe854078d1ac9338744f61a02 -> 
  custom:video-encoder-webm-vp8: eb34c28f22e8b96e1ab97ce403110664 -> 
  custom:audio-encoder-webm-vorbis: bf7c407c2cedff20999df2af8eb42d56 -> 
  custom:framework-win-MediaFoundation: 216162199b28c13a410421893ffa2e32 -> 
  custom:container-demuxer-ogg: 62fdf1f143b41e24485cea50d1cbac27 -> 
  custom:video-decoder-webm-vp8: 9c59270c3fd7afecdb556c50c9e8de78 -> 
  custom:audio-decoder-ogg-vorbis: bf7c407c2cedff20999df2af8eb42d56 -> 
========================================================================
Received Prepare
Registering precompiled user dll's ...
Registered in 0.005574 seconds.
Begin MonoManager ReloadAssembly
Symbol file LoadedFromMemory doesn't match image C:\Users\cocru\Documents\GitHub\Inspired\Inspired\Library\PackageCache\com.unity.visualscripting@1.7.6\Editor\VisualScripting.Core\Dependencies\YamlDotNet\Unity.VisualScripting.YamlDotNet.dll
Symbol file LoadedFromMemory doesn't match image C:\Users\cocru\Documents\GitHub\Inspired\Inspired\Library\PackageCache\com.unity.visualscripting@1.7.6\Editor\VisualScripting.Core\Dependencies\DotNetZip\Unity.VisualScripting.IonicZip.dll
Native extension for WindowsStandalone target not found
Refreshing native plugins compatible for Editor in 0.72 ms, found 4 plugins.
Preloading 0 native plugins for Editor in 0.00 ms.
Mono: successfully reloaded assembly
- Completed reload, in  0.888 seconds
Domain Reload Profiling:
	ReloadAssembly (888ms)
		BeginReloadAssembly (109ms)
			ExecutionOrderSort (0ms)
			DisableScriptedObjects (6ms)
			BackupInstance (0ms)
			ReleaseScriptingObjects (0ms)
			CreateAndSetChildDomain (31ms)
		EndReloadAssembly (700ms)
			LoadAssemblies (62ms)
			RebuildTransferFunctionScriptingTraits (0ms)
			SetupTypeCache (184ms)
			ReleaseScriptCaches (1ms)
			RebuildScriptCaches (49ms)
			SetupLoadedEditorAssemblies (356ms)
				LogAssemblyErrors (0ms)
				InitializePlatformSupportModulesInManaged (10ms)
				SetLoadedEditorAssemblies (0ms)
				RefreshPlugins (1ms)
				BeforeProcessingInitializeOnLoad (59ms)
				ProcessInitializeOnLoadAttributes (256ms)
				ProcessInitializeOnLoadMethodAttributes (24ms)
				AfterProcessingInitializeOnLoad (5ms)
				EditorAssembliesLoaded (0ms)
			ExecutionOrderSort2 (0ms)
			AwakeInstancesAfterBackupRestoration (7ms)
Platform modules already initialized, skipping
Refreshing native plugins compatible for Editor in 0.69 ms, found 4 plugins.
Preloading 0 native plugins for Editor in 0.00 ms.
Unloading 3913 Unused Serialized files (Serialized files now loaded: 0)
Unloading 32 unused Assets / (193.6 KB). Loaded Objects now: 4375.
Memory consumption went from 147.4 MB to 147.3 MB.
Total: 3.083000 ms (FindLiveObjects: 0.304300 ms CreateObjectMapping: 0.110000 ms MarkObjects: 2.550400 ms  DeleteObjects: 0.117400 ms)

AssetImportParameters requested are different than current active one (requested -> active):
  custom:video-decoder-ogg-theora: a1e56fd34408186e4bbccfd4996cb3dc -> 
  custom:container-muxer-webm: aa71ff27fc2769a1b78a27578f13a17b -> 
  custom:container-demuxer-webm: 4f35f7cbe854078d1ac9338744f61a02 -> 
  custom:video-encoder-webm-vp8: eb34c28f22e8b96e1ab97ce403110664 -> 
  custom:audio-encoder-webm-vorbis: bf7c407c2cedff20999df2af8eb42d56 -> 
  custom:framework-win-MediaFoundation: 216162199b28c13a410421893ffa2e32 -> 
  custom:container-demuxer-ogg: 62fdf1f143b41e24485cea50d1cbac27 -> 
  custom:video-decoder-webm-vp8: 9c59270c3fd7afecdb556c50c9e8de78 -> 
  custom:audio-decoder-ogg-vorbis: bf7c407c2cedff20999df2af8eb42d56 -> 
========================================================================
Received Import Request.
  Time since last request: 169242.346094 seconds.
  path: Assets/spaceshooter/license.txt
  artifactKey: Guid(ed683c92e6b8f2d429369e60a193de5e) Importer(815301076,1909f56bfc062723c751e8b465ee728b)
Start importing Assets/spaceshooter/license.txt using Guid(ed683c92e6b8f2d429369e60a193de5e) Importer(815301076,1909f56bfc062723c751e8b465ee728b)  -> (artifact id: '63b4907282b63a2fe78f549efb8e859a') in 0.056262 seconds 
========================================================================
Received Import Request.
  Time since last request: 4.823720 seconds.
  path: Assets/spaceshooter/PNG/Power-ups
  artifactKey: Guid(c1033fd3c7504134e89fdf68fed332fa) Importer(815301076,1909f56bfc062723c751e8b465ee728b)
Start importing Assets/spaceshooter/PNG/Power-ups using Guid(c1033fd3c7504134e89fdf68fed332fa) Importer(815301076,1909f56bfc062723c751e8b465ee728b)  -> (artifact id: '5aac339d484ef2c0aa4bb34f242ea9b1') in 0.005800 seconds 
========================================================================
Received Import Request.
  Time since last request: 0.049812 seconds.
  path: Assets/spaceshooter/PNG/Power-ups/bold_silver.png
  artifactKey: Guid(5bfdb58197f9c464f9f09f36fe418318) Importer(815301076,1909f56bfc062723c751e8b465ee728b)
Start importing Assets/spaceshooter/PNG/Power-ups/bold_silver.png using Guid(5bfdb58197f9c464f9f09f36fe418318) Importer(815301076,1909f56bfc062723c751e8b465ee728b)  -> (artifact id: '0fdbec734206550c19f992b642cb1974') in 0.074511 seconds 
========================================================================
Received Import Request.
  Time since last request: 0.000020 seconds.
  path: Assets/spaceshooter/PNG/Power-ups/powerupBlue.png
  artifactKey: Guid(d4855888acdc86245b09f28d53d7e3d3) Importer(815301076,1909f56bfc062723c751e8b465ee728b)
Start importing Assets/spaceshooter/PNG/Power-ups/powerupBlue.png using Guid(d4855888acdc86245b09f28d53d7e3d3) Importer(815301076,1909f56bfc062723c751e8b465ee728b)  -> (artifact id: 'd5eecca6079f22b3175eb9a78bfd7970') in 0.027010 seconds 
========================================================================
Received Import Request.
  Time since last request: 0.000015 seconds.
  path: Assets/spaceshooter/PNG/Power-ups/pill_red.png
  artifactKey: Guid(46fcc5b86a4d3d346b3caf07fb450a47) Importer(815301076,1909f56bfc062723c751e8b465ee728b)
Start importing Assets/spaceshooter/PNG/Power-ups/pill_red.png using Guid(46fcc5b86a4d3d346b3caf07fb450a47) Importer(815301076,1909f56bfc062723c751e8b465ee728b)  -> (artifact id: 'cd9ad2ecfa47e6914f72e93cbe9d9c65') in 0.027994 seconds 
========================================================================
Received Import Request.
  Time since last request: 0.000015 seconds.
  path: Assets/spaceshooter/PNG/Power-ups/powerupRed_shield.png
  artifactKey: Guid(ed80cffc612024141b1b6f8df31e1723) Importer(815301076,1909f56bfc062723c751e8b465ee728b)
Start importing Assets/spaceshooter/PNG/Power-ups/powerupRed_shield.png using Guid(ed80cffc612024141b1b6f8df31e1723) Importer(815301076,1909f56bfc062723c751e8b465ee728b)  -> (artifact id: '319ee16c1e09f584f78fbad3b27b2588') in 0.022078 seconds 
========================================================================
Received Import Request.
  Time since last request: 0.000015 seconds.
  path: Assets/spaceshooter/PNG/Power-ups/powerupYellow_bolt.png
  artifactKey: Guid(a798858e42d6f82488453708c175d4e3) Importer(815301076,1909f56bfc062723c751e8b465ee728b)
Start importing Assets/spaceshooter/PNG/Power-ups/powerupYellow_bolt.png using Guid(a798858e42d6f82488453708c175d4e3) Importer(815301076,1909f56bfc062723c751e8b465ee728b)  -> (artifact id: 'a8cc5a90f3c85f6d0ed198beab6ee58c') in 0.023880 seconds 
========================================================================
Received Import Request.
  Time since last request: 0.000022 seconds.
  path: Assets/spaceshooter/PNG/Power-ups/powerupGreen_star.png
  artifactKey: Guid(31200f0399862c84db1ae8d06d4c033d) Importer(815301076,1909f56bfc062723c751e8b465ee728b)
Start importing Assets/spaceshooter/PNG/Power-ups/powerupGreen_star.png using Guid(31200f0399862c84db1ae8d06d4c033d) Importer(815301076,1909f56bfc062723c751e8b465ee728b)  -> (artifact id: '337e7691de8effc503f7a9664b8c559f') in 0.025904 seconds 
========================================================================
Received Import Request.
  Time since last request: 0.000023 seconds.
  path: Assets/spaceshooter/PNG/Power-ups/pill_green.png
  artifactKey: Guid(e3278a0a58ea6134e9ba84a50d4996ab) Importer(815301076,1909f56bfc062723c751e8b465ee728b)
Start importing Assets/spaceshooter/PNG/Power-ups/pill_green.png using Guid(e3278a0a58ea6134e9ba84a50d4996ab) Importer(815301076,1909f56bfc062723c751e8b465ee728b)  -> (artifact id: '9408add8585ea2c7fdbb4b662b31e3d0') in 0.023616 seconds 
========================================================================
Received Import Request.
  Time since last request: 0.000019 seconds.
  path: Assets/spaceshooter/PNG/Power-ups/powerupYellow_shield.png
  artifactKey: Guid(ba813b40e8f57034aad3cd0ad358e2eb) Importer(815301076,1909f56bfc062723c751e8b465ee728b)
Start importing Assets/spaceshooter/PNG/Power-ups/powerupYellow_shield.png using Guid(ba813b40e8f57034aad3cd0ad358e2eb) Importer(815301076,1909f56bfc062723c751e8b465ee728b)  -> (artifact id: '3d4076453715feae709e852f9bced7eb') in 0.021104 seconds 
========================================================================
Received Import Request.
  Time since last request: 0.000015 seconds.
  path: Assets/spaceshooter/PNG/Power-ups/powerupGreen_bolt.png
  artifactKey: Guid(85886f8a27e869540b089b4864ba4c7a) Importer(815301076,1909f56bfc062723c751e8b465ee728b)
Start importing Assets/spaceshooter/PNG/Power-ups/powerupGreen_bolt.png using Guid(85886f8a27e869540b089b4864ba4c7a) Importer(815301076,1909f56bfc062723c751e8b465ee728b)  -> (artifact id: '078d036bb9aa4f292c73933b73d6afba') in 0.024099 seconds 
========================================================================
Received Import Request.
  Time since last request: 0.000017 seconds.
  path: Assets/spaceshooter/PNG/Power-ups/powerupRed.png
  artifactKey: Guid(047cdaa3ab61b9c48be4aa35f0d2ff62) Importer(815301076,1909f56bfc062723c751e8b465ee728b)
Start importing Assets/spaceshooter/PNG/Power-ups/powerupRed.png using Guid(047cdaa3ab61b9c48be4aa35f0d2ff62) Importer(815301076,1909f56bfc062723c751e8b465ee728b)  -> (artifact id: 'c13d24140d82a250009c1b49616ee8a1') in 0.020250 seconds 
========================================================================
Received Import Request.
  Time since last request: 0.000019 seconds.
  path: Assets/spaceshooter/PNG/Power-ups/powerupRed_bolt.png
  artifactKey: Guid(0af4109ceae682647b95c493401f62e3) Importer(815301076,1909f56bfc062723c751e8b465ee728b)
Start importing Assets/spaceshooter/PNG/Power-ups/powerupRed_bolt.png using Guid(0af4109ceae682647b95c493401f62e3) Importer(815301076,1909f56bfc062723c751e8b465ee728b)  -> (artifact id: 'f8984969484a8d09a2ff0cd6260572f0') in 0.024908 seconds 
========================================================================
Received Import Request.
  Time since last request: 0.000022 seconds.
  path: Assets/spaceshooter/PNG/Power-ups/star_bronze.png
  artifactKey: Guid(07766607ed3f1344590c055563dec88f) Importer(815301076,1909f56bfc062723c751e8b465ee728b)
Start importing Assets/spaceshooter/PNG/Power-ups/star_bronze.png using Guid(07766607ed3f1344590c055563dec88f) Importer(815301076,1909f56bfc062723c751e8b465ee728b)  -> (artifact id: '364628f6155ad1160c4d54301d9404cb') in 0.016332 seconds 
========================================================================
Received Import Request.
  Time since last request: 0.000014 seconds.
  path: Assets/spaceshooter/PNG/Power-ups/powerupBlue_shield.png
  artifactKey: Guid(9f4ac963c64ba4248ac071d37ffec7be) Importer(815301076,1909f56bfc062723c751e8b465ee728b)
Start importing Assets/spaceshooter/PNG/Power-ups/powerupBlue_shield.png using Guid(9f4ac963c64ba4248ac071d37ffec7be) Importer(815301076,1909f56bfc062723c751e8b465ee728b)  -> (artifact id: 'cf904db236cf86f02c0829e2fc4634c6') in 0.016382 seconds 
========================================================================
Received Import Request.
  Time since last request: 0.000018 seconds.
  path: Assets/spaceshooter/PNG/Power-ups/pill_yellow.png
  artifactKey: Guid(e9e1462c8919de543a3f1eadffdd89c8) Importer(815301076,1909f56bfc062723c751e8b465ee728b)
Start importing Assets/spaceshooter/PNG/Power-ups/pill_yellow.png using Guid(e9e1462c8919de543a3f1eadffdd89c8) Importer(815301076,1909f56bfc062723c751e8b465ee728b)  -> (artifact id: 'f956e2196bf8664a199c449eb82b74fd') in 0.016085 seconds 
========================================================================
Received Import Request.
  Time since last request: 0.000022 seconds.
  path: Assets/spaceshooter/PNG/Power-ups/star_gold.png
  artifactKey: Guid(c181113d05e5fe94e8a4c61715c5315b) Importer(815301076,1909f56bfc062723c751e8b465ee728b)
Start importing Assets/spaceshooter/PNG/Power-ups/star_gold.png using Guid(c181113d05e5fe94e8a4c61715c5315b) Importer(815301076,1909f56bfc062723c751e8b465ee728b)  -> (artifact id: 'bedd07cadd8958e68877728dd1b38188') in 0.016633 seconds 
========================================================================
Received Import Request.
  Time since last request: 0.000022 seconds.
  path: Assets/spaceshooter/PNG/Power-ups/things_bronze.png
  artifactKey: Guid(c7bad1dd11c60ea4f9e150351435b11f) Importer(815301076,1909f56bfc062723c751e8b465ee728b)
Start importing Assets/spaceshooter/PNG/Power-ups/things_bronze.png using Guid(c7bad1dd11c60ea4f9e150351435b11f) Importer(815301076,1909f56bfc062723c751e8b465ee728b)  -> (artifact id: 'bb0d1202d9c886ceaac64ba228e5247a') in 0.025715 seconds 
========================================================================
Received Import Request.
  Time since last request: 32.543514 seconds.
  path: Assets/spaceshooter/PNG/UI
  artifactKey: Guid(201ddb6678020f1499b480e7ea57acf5) Importer(815301076,1909f56bfc062723c751e8b465ee728b)
Start importing Assets/spaceshooter/PNG/UI using Guid(201ddb6678020f1499b480e7ea57acf5) Importer(815301076,1909f56bfc062723c751e8b465ee728b)  -> (artifact id: 'af645b7296ef033458029d06edd7c19d') in 0.004321 seconds 
========================================================================
Received Import Request.
  Time since last request: 0.064388 seconds.
  path: Assets/spaceshooter/PNG/UI/buttonBlue.png
  artifactKey: Guid(9ac54931d293ade4da7049acb4c6f2f3) Importer(815301076,1909f56bfc062723c751e8b465ee728b)
Start importing Assets/spaceshooter/PNG/UI/buttonBlue.png using Guid(9ac54931d293ade4da7049acb4c6f2f3) Importer(815301076,1909f56bfc062723c751e8b465ee728b)  -> (artifact id: '758472c7fe7e13c09dc3b297877b47c4') in 0.018896 seconds 
========================================================================
Received Import Request.
  Time since last request: 0.000017 seconds.
  path: Assets/spaceshooter/PNG/UI/playerLife1_blue.png
  artifactKey: Guid(2348e5059f284e3408650eca153e03a9) Importer(815301076,1909f56bfc062723c751e8b465ee728b)
Start importing Assets/spaceshooter/PNG/UI/playerLife1_blue.png using Guid(2348e5059f284e3408650eca153e03a9) Importer(815301076,1909f56bfc062723c751e8b465ee728b)  -> (artifact id: '77c95998ab76cb217a5bd7dc15df7017') in 0.025385 seconds 
========================================================================
Received Import Request.
  Time since last request: 0.000016 seconds.
  path: Assets/spaceshooter/PNG/UI/numeral7.png
  artifactKey: Guid(e1d14553af429ce4095ddc08a0385d13) Importer(815301076,1909f56bfc062723c751e8b465ee728b)
Start importing Assets/spaceshooter/PNG/UI/numeral7.png using Guid(e1d14553af429ce4095ddc08a0385d13) Importer(815301076,1909f56bfc062723c751e8b465ee728b)  -> (artifact id: 'a393bf53c3df6229a728173ae3b5034a') in 0.033295 seconds 
========================================================================
Received Import Request.
  Time since last request: 0.000022 seconds.
  path: Assets/spaceshooter/PNG/UI/playerLife2_blue.png
  artifactKey: Guid(7bdf316a64d4be744a829e4dae43ef18) Importer(815301076,1909f56bfc062723c751e8b465ee728b)
Start importing Assets/spaceshooter/PNG/UI/playerLife2_blue.png using Guid(7bdf316a64d4be744a829e4dae43ef18) Importer(815301076,1909f56bfc062723c751e8b465ee728b)  -> (artifact id: '879823c96d65080357bdca54e4b195df') in 0.018708 seconds 
========================================================================
Received Import Request.
  Time since last request: 0.000025 seconds.
  path: Assets/spaceshooter/PNG/UI/numeral8.png
  artifactKey: Guid(82a0a21c53c88894b8fab836f65df196) Importer(815301076,1909f56bfc062723c751e8b465ee728b)
Start importing Assets/spaceshooter/PNG/UI/numeral8.png using Guid(82a0a21c53c88894b8fab836f65df196) Importer(815301076,1909f56bfc062723c751e8b465ee728b)  -> (artifact id: '9431be1a62d4b0b399cfd013a76bcd54') in 0.017032 seconds 
========================================================================
Received Import Request.
  Time since last request: 0.000023 seconds.
  path: Assets/spaceshooter/PNG/UI/playerLife3_red.png
  artifactKey: Guid(310a34bc5aeecc046b9c25b13a359684) Importer(815301076,1909f56bfc062723c751e8b465ee728b)
Start importing Assets/spaceshooter/PNG/UI/playerLife3_red.png using Guid(310a34bc5aeecc046b9c25b13a359684) Importer(815301076,1909f56bfc062723c751e8b465ee728b)  -> (artifact id: '23a2c6980029a94292759fc1240c6d6e') in 0.018464 seconds 
========================================================================
Received Import Request.
  Time since last request: 0.000016 seconds.
  path: Assets/spaceshooter/PNG/UI/playerLife3_green.png
  artifactKey: Guid(36a6bc7c7ba413d4ab39965bd82207c1) Importer(815301076,1909f56bfc062723c751e8b465ee728b)
Start importing Assets/spaceshooter/PNG/UI/playerLife3_green.png using Guid(36a6bc7c7ba413d4ab39965bd82207c1) Importer(815301076,1909f56bfc062723c751e8b465ee728b)  -> (artifact id: '6e56b6b7294a5a60a974c44753b0e042') in 0.017603 seconds 
========================================================================
Received Import Request.
  Time since last request: 0.000020 seconds.
  path: Assets/spaceshooter/PNG/UI/playerLife3_blue.png
  artifactKey: Guid(4f993fccc9afebb4ba5a16c6e40e934c) Importer(815301076,1909f56bfc062723c751e8b465ee728b)
Start importing Assets/spaceshooter/PNG/UI/playerLife3_blue.png using Guid(4f993fccc9afebb4ba5a16c6e40e934c) Importer(815301076,1909f56bfc062723c751e8b465ee728b)  -> (artifact id: '2a3204365a3796ecc82c89f4370217be') in 0.016959 seconds 
========================================================================
Received Import Request.
  Time since last request: 19.183266 seconds.
  path: Assets/spaceshooter/PNG/Enemies
  artifactKey: Guid(20a8a5e1f09a13b4ea1525172051d9e7) Importer(815301076,1909f56bfc062723c751e8b465ee728b)
Start importing Assets/spaceshooter/PNG/Enemies using Guid(20a8a5e1f09a13b4ea1525172051d9e7) Importer(815301076,1909f56bfc062723c751e8b465ee728b)  -> (artifact id: '1af149f2decff6302ea62d7522b39cf3') in 0.004348 seconds 
========================================================================
Received Import Request.
  Time since last request: 0.065851 seconds.
  path: Assets/spaceshooter/PNG/Enemies/enemyBlack1.png
  artifactKey: Guid(2247546e6b8d54648a5177b56c8eaf70) Importer(815301076,1909f56bfc062723c751e8b465ee728b)
Start importing Assets/spaceshooter/PNG/Enemies/enemyBlack1.png using Guid(2247546e6b8d54648a5177b56c8eaf70) Importer(815301076,1909f56bfc062723c751e8b465ee728b)  -> (artifact id: 'c57afe5c4e787284f6e2e0191f20f1c1') in 0.023584 seconds 
========================================================================
Received Import Request.
  Time since last request: 0.000018 seconds.
  path: Assets/spaceshooter/PNG/Enemies/enemyRed1.png
  artifactKey: Guid(d02bd1f0f5f2428458f95858368a1eee) Importer(815301076,1909f56bfc062723c751e8b465ee728b)
Start importing Assets/spaceshooter/PNG/Enemies/enemyRed1.png using Guid(d02bd1f0f5f2428458f95858368a1eee) Importer(815301076,1909f56bfc062723c751e8b465ee728b)  -> (artifact id: '5b6c604c3084e4634abbbb288e08dbf3') in 0.030028 seconds 
========================================================================
Received Import Request.
  Time since last request: 0.000025 seconds.
  path: Assets/spaceshooter/PNG/Enemies/enemyGreen2.png
  artifactKey: Guid(a7882a646947b6047a62d47a79b5fddd) Importer(815301076,1909f56bfc062723c751e8b465ee728b)
Start importing Assets/spaceshooter/PNG/Enemies/enemyGreen2.png using Guid(a7882a646947b6047a62d47a79b5fddd) Importer(815301076,1909f56bfc062723c751e8b465ee728b)  -> (artifact id: 'e5c7825905ca569e7d85575e712f71d1') in 0.020515 seconds 
========================================================================
Received Import Request.
  Time since last request: 0.000014 seconds.
  path: Assets/spaceshooter/PNG/Enemies/enemyRed5.png
  artifactKey: Guid(8fbb51414210b3144809ecb4ec2031eb) Importer(815301076,1909f56bfc062723c751e8b465ee728b)
Start importing Assets/spaceshooter/PNG/Enemies/enemyRed5.png using Guid(8fbb51414210b3144809ecb4ec2031eb) Importer(815301076,1909f56bfc062723c751e8b465ee728b)  -> (artifact id: 'b8e9012f0097da3946de626dd390ae8d') in 0.018310 seconds 
========================================================================
Received Import Request.
  Time since last request: 0.000012 seconds.
  path: Assets/spaceshooter/PNG/Enemies/enemyBlue1.png
  artifactKey: Guid(2d5a0939ab2235b4ba7a2e462ffdb9ee) Importer(815301076,1909f56bfc062723c751e8b465ee728b)
Start importing Assets/spaceshooter/PNG/Enemies/enemyBlue1.png using Guid(2d5a0939ab2235b4ba7a2e462ffdb9ee) Importer(815301076,1909f56bfc062723c751e8b465ee728b)  -> (artifact id: 'e9dbd6dc85c72b35cf1e440b742e04f0') in 0.016961 seconds 
========================================================================
Received Import Request.
  Time since last request: 4.032445 seconds.
  path: Assets/spaceshooter/PNG/Damage
  artifactKey: Guid(7d21aa0cc2dca6842afc0a70de092f56) Importer(815301076,1909f56bfc062723c751e8b465ee728b)
Start importing Assets/spaceshooter/PNG/Damage using Guid(7d21aa0cc2dca6842afc0a70de092f56) Importer(815301076,1909f56bfc062723c751e8b465ee728b)  -> (artifact id: '666130f8d7fe49b80d49835d9caeb3d4') in 0.004326 seconds 
========================================================================
Received Import Request.
  Time since last request: 0.060331 seconds.
  path: Assets/spaceshooter/PNG/Damage/playerShip1_damage1.png
  artifactKey: Guid(cfadaad6c5b35ad4883394e40ff9345b) Importer(815301076,1909f56bfc062723c751e8b465ee728b)
Start importing Assets/spaceshooter/PNG/Damage/playerShip1_damage1.png using Guid(cfadaad6c5b35ad4883394e40ff9345b) Importer(815301076,1909f56bfc062723c751e8b465ee728b)  -> (artifact id: '55d9f78836c0f0047969e674aee243aa') in 0.018580 seconds 
========================================================================
Received Import Request.
  Time since last request: 0.000016 seconds.
  path: Assets/spaceshooter/PNG/Damage/playerShip2_damage2.png
  artifactKey: Guid(af8062f646e287a46848eea0d45fb598) Importer(815301076,1909f56bfc062723c751e8b465ee728b)
Start importing Assets/spaceshooter/PNG/Damage/playerShip2_damage2.png using Guid(af8062f646e287a46848eea0d45fb598) Importer(815301076,1909f56bfc062723c751e8b465ee728b)  -> (artifact id: '623203a0fb05f6b67620f33af7e64b30') in 0.020607 seconds 
========================================================================
Received Import Request.
  Time since last request: 13.212879 seconds.
  path: Assets/Demo
  artifactKey: Guid(7dbef3c055a0a9744a994c93b1a01bda) Importer(815301076,1909f56bfc062723c751e8b465ee728b)
Start importing Assets/Demo using Guid(7dbef3c055a0a9744a994c93b1a01bda) Importer(815301076,1909f56bfc062723c751e8b465ee728b)  -> (artifact id: '077fbd2fcb967885969da9e53c469794') in 0.004417 seconds 
========================================================================
Received Import Request.
  Time since last request: 1.245201 seconds.
  path: Assets/Demo/Vector Asteroids Sprites
  artifactKey: Guid(37b4f2f04ce749a45a4b3cebc28cb120) Importer(815301076,1909f56bfc062723c751e8b465ee728b)
Start importing Assets/Demo/Vector Asteroids Sprites using Guid(37b4f2f04ce749a45a4b3cebc28cb120) Importer(815301076,1909f56bfc062723c751e8b465ee728b)  -> (artifact id: 'a1cde620027597aaf7f0e3daefe981f8') in 0.004493 seconds 
========================================================================
Received Import Request.
  Time since last request: 0.040216 seconds.
  path: Assets/Demo/Vector Asteroids Sprites/Asteroid_01.psd
  artifactKey: Guid(f24d38e9c5cb29441b61c64d87e30b87) Importer(815301076,1909f56bfc062723c751e8b465ee728b)
Start importing Assets/Demo/Vector Asteroids Sprites/Asteroid_01.psd using Guid(f24d38e9c5cb29441b61c64d87e30b87) Importer(815301076,1909f56bfc062723c751e8b465ee728b)  -> (artifact id: '92675ce55215e12933025caf814db607') in 0.130780 seconds 
========================================================================
Received Import Request.
  Time since last request: 0.000024 seconds.
  path: Assets/Demo/Vector Asteroids Sprites/Asteroid_13.psd
  artifactKey: Guid(f539bdd938e4cb14ba75652f532eb655) Importer(815301076,1909f56bfc062723c751e8b465ee728b)
Start importing Assets/Demo/Vector Asteroids Sprites/Asteroid_13.psd using Guid(f539bdd938e4cb14ba75652f532eb655) Importer(815301076,1909f56bfc062723c751e8b465ee728b)  -> (artifact id: '66751607414d8f14ffae9d00b727eccf') in 0.043913 seconds 
========================================================================
Received Import Request.
  Time since last request: 0.000023 seconds.
  path: Assets/Demo/Vector Asteroids Sprites/Asteroid_12.psd
  artifactKey: Guid(cabdfa84ec956b14ab27fc95d186f1de) Importer(815301076,1909f56bfc062723c751e8b465ee728b)
Start importing Assets/Demo/Vector Asteroids Sprites/Asteroid_12.psd using Guid(cabdfa84ec956b14ab27fc95d186f1de) Importer(815301076,1909f56bfc062723c751e8b465ee728b)  -> (artifact id: '33ad79aa2afdbaae75ccd8362fd275ec') in 0.025291 seconds 
========================================================================
Received Prepare
Registering precompiled user dll's ...
Registered in 0.005176 seconds.
Begin MonoManager ReloadAssembly
Symbol file LoadedFromMemory doesn't match image C:\Users\cocru\Documents\GitHub\Inspired\Inspired\Library\PackageCache\com.unity.visualscripting@1.7.6\Editor\VisualScripting.Core\Dependencies\YamlDotNet\Unity.VisualScripting.YamlDotNet.dll
Symbol file LoadedFromMemory doesn't match image C:\Users\cocru\Documents\GitHub\Inspired\Inspired\Library\PackageCache\com.unity.visualscripting@1.7.6\Editor\VisualScripting.Core\Dependencies\DotNetZip\Unity.VisualScripting.IonicZip.dll
Native extension for WindowsStandalone target not found
Refreshing native plugins compatible for Editor in 0.73 ms, found 4 plugins.
Preloading 0 native plugins for Editor in 0.00 ms.
Mono: successfully reloaded assembly
- Completed reload, in  0.909 seconds
Domain Reload Profiling:
	ReloadAssembly (910ms)
		BeginReloadAssembly (110ms)
			ExecutionOrderSort (0ms)
			DisableScriptedObjects (6ms)
			BackupInstance (0ms)
			ReleaseScriptingObjects (0ms)
			CreateAndSetChildDomain (32ms)
		EndReloadAssembly (702ms)
			LoadAssemblies (65ms)
			RebuildTransferFunctionScriptingTraits (0ms)
			SetupTypeCache (187ms)
			ReleaseScriptCaches (1ms)
			RebuildScriptCaches (37ms)
			SetupLoadedEditorAssemblies (360ms)
				LogAssemblyErrors (0ms)
				InitializePlatformSupportModulesInManaged (10ms)
				SetLoadedEditorAssemblies (0ms)
				RefreshPlugins (1ms)
				BeforeProcessingInitializeOnLoad (62ms)
				ProcessInitializeOnLoadAttributes (252ms)
				ProcessInitializeOnLoadMethodAttributes (28ms)
				AfterProcessingInitializeOnLoad (6ms)
				EditorAssembliesLoaded (0ms)
			ExecutionOrderSort2 (0ms)
			AwakeInstancesAfterBackupRestoration (13ms)
Platform modules already initialized, skipping
Refreshing native plugins compatible for Editor in 0.78 ms, found 4 plugins.
Preloading 0 native plugins for Editor in 0.00 ms.
Unloading 3947 Unused Serialized files (Serialized files now loaded: 0)
Unloading 32 unused Assets / (192.4 KB). Loaded Objects now: 4930.
Memory consumption went from 169.9 MB to 169.7 MB.
Total: 3.403100 ms (FindLiveObjects: 0.397900 ms CreateObjectMapping: 0.101800 ms MarkObjects: 2.734700 ms  DeleteObjects: 0.167300 ms)

AssetImportParameters requested are different than current active one (requested -> active):
  custom:video-decoder-ogg-theora: a1e56fd34408186e4bbccfd4996cb3dc -> 
  custom:container-muxer-webm: aa71ff27fc2769a1b78a27578f13a17b -> 
  custom:container-demuxer-webm: 4f35f7cbe854078d1ac9338744f61a02 -> 
  custom:video-encoder-webm-vp8: eb34c28f22e8b96e1ab97ce403110664 -> 
  custom:audio-encoder-webm-vorbis: bf7c407c2cedff20999df2af8eb42d56 -> 
  custom:framework-win-MediaFoundation: 216162199b28c13a410421893ffa2e32 -> 
  custom:container-demuxer-ogg: 62fdf1f143b41e24485cea50d1cbac27 -> 
  custom:video-decoder-webm-vp8: 9c59270c3fd7afecdb556c50c9e8de78 -> 
  custom:audio-decoder-ogg-vorbis: bf7c407c2cedff20999df2af8eb42d56 -> 
Editor requested this worker to shutdown with reason: Scaling down because of idle timeout
AssetImportWorker is now disconnected from the server
Process exiting
Exiting without the bug reporter. Application will terminate with return code 0